2025-08-26 00:07:18,595 - agents.executor_agent - INFO - Executor Agent инициализирован с 8 инструментами
2025-08-26 00:07:40,380 - agents.executor_agent - INFO - 🚀 Запуск инструмента: PrimaryFeatureFinder
2025-08-26 00:07:40,732 - agents.executor_agent - INFO - ✅ Инструмент PrimaryFeatureFinder успешно выполнен
2025-08-26 00:08:02,393 - agents.executor_agent - INFO - 🚀 Запуск инструмента: CorrelationAnalysis
2025-08-26 00:08:02,471 - agents.executor_agent - INFO - ✅ Инструмент CorrelationAnalysis успешно выполнен
2025-08-26 00:08:27,200 - agents.executor_agent - INFO - 🚀 Запуск инструмента: DescriptiveStatsComparator
2025-08-26 00:08:27,338 - agents.executor_agent - INFO - ✅ Инструмент DescriptiveStatsComparator успешно выполнен
2025-08-26 00:08:55,161 - agents.executor_agent - INFO - 🚀 Запуск инструмента: CategoricalFeatureAnalysis
2025-08-26 00:08:55,374 - agents.executor_agent - INFO - ✅ Инструмент CategoricalFeatureAnalysis успешно выполнен
2025-08-26 00:09:19,411 - agents.executor_agent - INFO - 🚀 Запуск инструмента: DistributionVisualizer
2025-08-26 00:09:19,989 - agents.executor_agent - INFO - ✅ Инструмент DistributionVisualizer успешно выполнен
2025-08-26 00:09:46,726 - agents.executor_agent - INFO - 🚀 Запуск инструмента: OutlierDetector
2025-08-26 00:09:46,830 - agents.executor_agent - INFO - ✅ Инструмент OutlierDetector успешно выполнен
2025-08-26 00:10:18,885 - agents.executor_agent - INFO - 🚀 Запуск инструмента: InteractionAnalyzer
2025-08-26 00:10:19,033 - agents.executor_agent - INFO - ✅ Инструмент InteractionAnalyzer успешно выполнен
2025-08-26 00:10:41,994 - agents.executor_agent - INFO - 🚀 Запуск инструмента: FullModelFeatureImportance
2025-08-26 00:10:46,143 - agents.executor_agent - INFO - ✅ Инструмент FullModelFeatureImportance успешно выполнен
2025-08-26 00:24:27,362 - agents.executor_agent - INFO - Executor Agent инициализирован с 8 инструментами
2025-08-26 00:25:00,771 - agents.executor_agent - INFO - 🚀 Запуск инструмента: PrimaryFeatureFinder
2025-08-26 00:25:01,168 - agents.executor_agent - INFO - ✅ Инструмент PrimaryFeatureFinder успешно выполнен
2025-08-26 00:25:26,790 - agents.executor_agent - INFO - 🚀 Запуск инструмента: CorrelationAnalysis
2025-08-26 00:25:26,893 - agents.executor_agent - INFO - ✅ Инструмент CorrelationAnalysis успешно выполнен
2025-08-26 00:25:55,505 - agents.executor_agent - INFO - 🚀 Запуск инструмента: DescriptiveStatsComparator
2025-08-26 00:25:55,696 - agents.executor_agent - INFO - ✅ Инструмент DescriptiveStatsComparator успешно выполнен
2025-08-26 00:26:59,500 - agents.executor_agent - INFO - 🚀 Запуск инструмента: CategoricalFeatureAnalysis
2025-08-26 00:26:59,727 - agents.executor_agent - INFO - ✅ Инструмент CategoricalFeatureAnalysis успешно выполнен
2025-08-26 00:27:21,886 - agents.executor_agent - INFO - 🚀 Запуск инструмента: DistributionVisualizer
2025-08-26 00:27:22,442 - agents.executor_agent - INFO - ✅ Инструмент DistributionVisualizer успешно выполнен
2025-08-26 00:27:39,808 - agents.executor_agent - INFO - 🚀 Запуск инструмента: OutlierDetector
2025-08-26 00:27:39,906 - agents.executor_agent - INFO - ✅ Инструмент OutlierDetector успешно выполнен
2025-08-26 00:31:04,938 - agents.executor_agent - INFO - 🚀 Запуск инструмента: InteractionAnalyzer
2025-08-26 00:31:05,058 - agents.executor_agent - INFO - ✅ Инструмент InteractionAnalyzer успешно выполнен
2025-08-26 00:31:28,237 - agents.executor_agent - INFO - 🚀 Запуск инструмента: FullModelFeatureImportance
2025-08-26 00:31:32,248 - agents.executor_agent - INFO - ✅ Инструмент FullModelFeatureImportance успешно выполнен
2025-08-26 08:14:02,899 - agents.executor_agent - INFO - Executor Agent инициализирован с 8 инструментами
2025-08-26 08:14:28,277 - agents.executor_agent - INFO - 🚀 Запуск инструмента: PrimaryFeatureFinder
2025-08-26 08:14:28,637 - agents.executor_agent - INFO - ✅ Инструмент PrimaryFeatureFinder успешно выполнен
2025-08-26 08:14:57,402 - agents.executor_agent - INFO - 🚀 Запуск инструмента: CorrelationAnalysis
2025-08-26 08:14:57,474 - agents.executor_agent - INFO - ✅ Инструмент CorrelationAnalysis успешно выполнен
2025-08-26 08:15:30,148 - agents.executor_agent - INFO - 🚀 Запуск инструмента: DescriptiveStatsComparator
2025-08-26 08:15:30,293 - agents.executor_agent - INFO - ✅ Инструмент DescriptiveStatsComparator успешно выполнен
2025-08-26 08:16:04,200 - agents.executor_agent - INFO - 🚀 Запуск инструмента: CategoricalFeatureAnalysis
2025-08-26 08:16:04,407 - agents.executor_agent - INFO - ✅ Инструмент CategoricalFeatureAnalysis успешно выполнен
2025-08-26 08:16:35,019 - agents.executor_agent - INFO - 🚀 Запуск инструмента: DistributionVisualizer
2025-08-26 08:16:35,551 - agents.executor_agent - INFO - ✅ Инструмент DistributionVisualizer успешно выполнен
2025-08-26 08:17:23,438 - agents.executor_agent - INFO - 🚀 Запуск инструмента: OutlierDetector
2025-08-26 08:17:23,563 - agents.executor_agent - INFO - ✅ Инструмент OutlierDetector успешно выполнен
2025-08-26 08:17:48,976 - agents.executor_agent - INFO - 🚀 Запуск инструмента: InteractionAnalyzer
2025-08-26 08:17:49,101 - agents.executor_agent - INFO - ✅ Инструмент InteractionAnalyzer успешно выполнен
2025-08-26 08:18:07,494 - agents.executor_agent - INFO - 🚀 Запуск инструмента: FullModelFeatureImportance
2025-08-26 08:18:11,661 - agents.executor_agent - INFO - ✅ Инструмент FullModelFeatureImportance успешно выполнен
2025-08-26 08:35:03,775 - agents.executor_agent - INFO - Executor Agent инициализирован с 8 инструментами
2025-08-26 08:35:25,643 - agents.executor_agent - INFO - 🚀 Запуск инструмента: PrimaryFeatureFinder
2025-08-26 08:35:26,046 - agents.executor_agent - INFO - ✅ Инструмент PrimaryFeatureFinder успешно выполнен
2025-08-26 08:35:48,670 - agents.executor_agent - INFO - 🚀 Запуск инструмента: CorrelationAnalysis
2025-08-26 08:35:48,752 - agents.executor_agent - INFO - ✅ Инструмент CorrelationAnalysis успешно выполнен
2025-08-26 08:36:13,084 - agents.executor_agent - INFO - 🚀 Запуск инструмента: DescriptiveStatsComparator
2025-08-26 08:36:13,220 - agents.executor_agent - INFO - ✅ Инструмент DescriptiveStatsComparator успешно выполнен
2025-08-26 08:36:45,085 - agents.executor_agent - INFO - 🚀 Запуск инструмента: CategoricalFeatureAnalysis
2025-08-26 08:36:45,294 - agents.executor_agent - INFO - ✅ Инструмент CategoricalFeatureAnalysis успешно выполнен
2025-08-26 08:37:06,530 - agents.executor_agent - INFO - 🚀 Запуск инструмента: DistributionVisualizer
2025-08-26 08:37:07,083 - agents.executor_agent - INFO - ✅ Инструмент DistributionVisualizer успешно выполнен
2025-08-26 08:37:35,817 - agents.executor_agent - INFO - 🚀 Запуск инструмента: OutlierDetector
2025-08-26 08:37:35,919 - agents.executor_agent - INFO - ✅ Инструмент OutlierDetector успешно выполнен
2025-08-26 08:37:56,482 - agents.executor_agent - INFO - 🚀 Запуск инструмента: InteractionAnalyzer
2025-08-26 08:37:56,597 - agents.executor_agent - INFO - ✅ Инструмент InteractionAnalyzer успешно выполнен
2025-08-26 08:38:13,773 - agents.executor_agent - INFO - 🚀 Запуск инструмента: FullModelFeatureImportance
2025-08-26 08:38:17,748 - agents.executor_agent - INFO - ✅ Инструмент FullModelFeatureImportance успешно выполнен
2025-08-26 08:58:53,609 - agents.executor_agent - INFO - Executor Agent инициализирован с 8 инструментами
2025-08-26 08:59:31,149 - agents.executor_agent - INFO - 🚀 Запуск инструмента: CorrelationAnalysis
2025-08-26 08:59:31,271 - agents.executor_agent - INFO - ✅ Инструмент CorrelationAnalysis успешно выполнен
2025-08-26 09:00:03,153 - agents.executor_agent - INFO - 🚀 Запуск инструмента: DescriptiveStatsComparator
2025-08-26 09:00:03,299 - agents.executor_agent - INFO - ✅ Инструмент DescriptiveStatsComparator успешно выполнен
2025-08-26 09:01:00,753 - agents.executor_agent - INFO - 🚀 Запуск инструмента: CategoricalFeatureAnalysis
2025-08-26 09:01:00,999 - agents.executor_agent - INFO - ✅ Инструмент CategoricalFeatureAnalysis успешно выполнен
2025-08-26 09:01:41,785 - agents.executor_agent - INFO - 🚀 Запуск инструмента: DistributionVisualizer
2025-08-26 09:01:42,340 - agents.executor_agent - INFO - ✅ Инструмент DistributionVisualizer успешно выполнен
2025-08-26 09:01:48,578 - agents.executor_agent - INFO - 🚀 Запуск инструмента: OutlierDetector
2025-08-26 09:01:48,680 - agents.executor_agent - INFO - ✅ Инструмент OutlierDetector успешно выполнен
2025-08-26 09:02:04,614 - agents.executor_agent - INFO - 🚀 Запуск инструмента: InteractionAnalyzer
2025-08-26 09:02:04,859 - agents.executor_agent - INFO - ✅ Инструмент InteractionAnalyzer успешно выполнен
2025-08-26 09:02:25,813 - agents.executor_agent - INFO - 🚀 Запуск инструмента: FullModelFeatureImportance
2025-08-26 09:02:29,777 - agents.executor_agent - INFO - ✅ Инструмент FullModelFeatureImportance успешно выполнен
2025-08-26 10:03:41,232 - agents.executor_agent - INFO - Executor Agent инициализирован с 8 инструментами
2025-08-26 10:04:03,905 - agents.executor_agent - INFO - 🚀 Запуск инструмента: PrimaryFeatureFinder
2025-08-26 10:04:04,268 - agents.executor_agent - INFO - ✅ Инструмент PrimaryFeatureFinder успешно выполнен
2025-08-26 10:04:36,467 - agents.executor_agent - INFO - 🚀 Запуск инструмента: CorrelationAnalysis
2025-08-26 10:04:36,543 - agents.executor_agent - INFO - ✅ Инструмент CorrelationAnalysis успешно выполнен
2025-08-26 10:05:13,843 - agents.executor_agent - INFO - 🚀 Запуск инструмента: DescriptiveStatsComparator
2025-08-26 10:05:13,998 - agents.executor_agent - INFO - ✅ Инструмент DescriptiveStatsComparator успешно выполнен
2025-08-26 10:05:49,129 - agents.executor_agent - INFO - 🚀 Запуск инструмента: CategoricalFeatureAnalysis
2025-08-26 10:05:49,347 - agents.executor_agent - INFO - ✅ Инструмент CategoricalFeatureAnalysis успешно выполнен
2025-08-26 10:06:14,455 - agents.executor_agent - INFO - 🚀 Запуск инструмента: DistributionVisualizer
2025-08-26 10:06:15,060 - agents.executor_agent - INFO - ✅ Инструмент DistributionVisualizer успешно выполнен
2025-08-26 10:06:42,662 - agents.executor_agent - INFO - 🚀 Запуск инструмента: OutlierDetector
2025-08-26 10:06:42,775 - agents.executor_agent - INFO - ✅ Инструмент OutlierDetector успешно выполнен
2025-08-26 10:07:10,604 - agents.executor_agent - INFO - 🚀 Запуск инструмента: InteractionAnalyzer
2025-08-26 10:07:10,733 - agents.executor_agent - INFO - ✅ Инструмент InteractionAnalyzer успешно выполнен
2025-08-26 10:07:38,009 - agents.executor_agent - INFO - 🚀 Запуск инструмента: FullModelFeatureImportance
2025-08-26 10:07:45,720 - agents.executor_agent - INFO - ✅ Инструмент FullModelFeatureImportance успешно выполнен
2025-08-26 10:30:52,225 - agents.executor_agent - INFO - Executor Agent инициализирован с 8 инструментами
2025-08-26 10:31:14,224 - agents.executor_agent - INFO - 🚀 Запуск инструмента: PrimaryFeatureFinder
2025-08-26 10:31:14,577 - agents.executor_agent - INFO - ✅ Инструмент PrimaryFeatureFinder успешно выполнен
2025-08-26 10:31:40,383 - agents.executor_agent - INFO - 🚀 Запуск инструмента: CorrelationAnalysis
2025-08-26 10:31:40,492 - agents.executor_agent - INFO - ✅ Инструмент CorrelationAnalysis успешно выполнен
2025-08-26 10:32:05,249 - agents.executor_agent - INFO - 🚀 Запуск инструмента: DescriptiveStatsComparator
2025-08-26 10:32:05,539 - agents.executor_agent - INFO - ✅ Инструмент DescriptiveStatsComparator успешно выполнен
2025-08-26 10:32:30,376 - agents.executor_agent - INFO - 🚀 Запуск инструмента: CategoricalFeatureAnalysis
2025-08-26 10:32:30,620 - agents.executor_agent - INFO - ✅ Инструмент CategoricalFeatureAnalysis успешно выполнен
2025-08-26 10:33:02,785 - agents.executor_agent - INFO - 🚀 Запуск инструмента: DistributionVisualizer
2025-08-26 10:33:03,367 - agents.executor_agent - INFO - ✅ Инструмент DistributionVisualizer успешно выполнен
2025-08-26 10:33:34,167 - agents.executor_agent - INFO - 🚀 Запуск инструмента: OutlierDetector
2025-08-26 10:33:34,298 - agents.executor_agent - INFO - ✅ Инструмент OutlierDetector успешно выполнен
2025-08-26 10:33:54,972 - agents.executor_agent - INFO - 🚀 Запуск инструмента: InteractionAnalyzer
2025-08-26 10:33:55,179 - agents.executor_agent - INFO - ✅ Инструмент InteractionAnalyzer успешно выполнен
2025-08-26 10:34:18,026 - agents.executor_agent - INFO - 🚀 Запуск инструмента: FullModelFeatureImportance
2025-08-26 10:34:22,201 - agents.executor_agent - INFO - ✅ Инструмент FullModelFeatureImportance успешно выполнен
2025-08-26 10:47:45,630 - agents.executor_agent - INFO - Executor Agent инициализирован с 8 инструментами
2025-08-26 10:48:19,752 - agents.executor_agent - INFO - 🚀 Запуск инструмента: PrimaryFeatureFinder
2025-08-26 10:48:20,145 - agents.executor_agent - INFO - ✅ Инструмент PrimaryFeatureFinder успешно выполнен
2025-08-26 10:49:00,663 - agents.executor_agent - INFO - 🚀 Запуск инструмента: CorrelationAnalysis
2025-08-26 10:49:00,769 - agents.executor_agent - INFO - ✅ Инструмент CorrelationAnalysis успешно выполнен
2025-08-26 10:49:44,775 - agents.executor_agent - INFO - 🚀 Запуск инструмента: DescriptiveStatsComparator
2025-08-26 10:49:44,923 - agents.executor_agent - INFO - ✅ Инструмент DescriptiveStatsComparator успешно выполнен
2025-08-26 10:50:18,998 - agents.executor_agent - INFO - 🚀 Запуск инструмента: CategoricalFeatureAnalysis
2025-08-26 10:50:19,259 - agents.executor_agent - INFO - ✅ Инструмент CategoricalFeatureAnalysis успешно выполнен
2025-08-26 10:50:50,489 - agents.executor_agent - INFO - 🚀 Запуск инструмента: DistributionVisualizer
2025-08-26 10:50:51,118 - agents.executor_agent - INFO - ✅ Инструмент DistributionVisualizer успешно выполнен
2025-08-26 10:51:18,891 - agents.executor_agent - INFO - 🚀 Запуск инструмента: OutlierDetector
2025-08-26 10:51:18,988 - agents.executor_agent - INFO - ✅ Инструмент OutlierDetector успешно выполнен
2025-08-26 10:51:44,517 - agents.executor_agent - INFO - 🚀 Запуск инструмента: InteractionAnalyzer
2025-08-26 10:51:45,250 - agents.executor_agent - INFO - ✅ Инструмент InteractionAnalyzer успешно выполнен
2025-08-26 10:52:01,046 - agents.executor_agent - INFO - 🚀 Запуск инструмента: FullModelFeatureImportance
2025-08-26 10:52:05,097 - agents.executor_agent - INFO - ✅ Инструмент FullModelFeatureImportance успешно выполнен
